<?xml version="1.0" encoding="UTF-8"?>
<testsuite name="TUTORIAL API REST Project.TestSuite 1" tests="1" failures="0" errors="0" time="1.044"><properties><property name="java.specification.version" value="18"/><property name="sun.cpu.isalist" value="amd64"/><property name="sun.jnu.encoding" value="Cp1252"/><property name="java.class.path" value="C:\Users\imed\.p2\pool\plugins\org.eclipse.m2e.maven.runtime_3.8.601.20220820-1147\jars\plexus-classworlds-2.6.0.jar"/><property name="sun.awt.enableExtraMouseButtons" value="true"/><property name="java.vm.vendor" value="Oracle Corporation"/><property name="sun.arch.data.model" value="64"/><property name="user.variant" value=""/><property name="java.vendor.url" value="https://java.oracle.com/"/><property name="user.timezone" value="GMT+01:00"/><property name="java.vm.specification.version" value="18"/><property name="os.name" value="Windows 10"/><property name="sun.java.launcher" value="SUN_STANDARD"/><property name="user.country" value="FR"/><property name="sun.boot.library.path" value="C:\Program Files\Java\jdk-18.0.2.1\bin"/><property name="sun.java.command" value="org.codehaus.plexus.classworlds.launcher.Launcher -B -Dstyle.color=always install"/><property name="jdk.debug" value="release"/><property name="maven.home" value="C:\Users\imed\eclipse-workspace\com.petsore.swagger.io.maven\EMBEDDED"/><property name="sun.cpu.endian" value="little"/><property name="user.home" value="C:\Users\imed"/><property name="user.language" value="fr"/><property name="java.specification.vendor" value="Oracle Corporation"/><property name="jansi.mode" value="force"/><property name="java.version.date" value="2022-08-18"/><property name="java.home" value="C:\Program Files\Java\jdk-18.0.2.1"/><property name="file.separator" value="\"/><property name="style.color" value="always"/><property name="java.vm.compressedOopsMode" value="32-bit"/><property name="line.separator" value="
"/><property name="java.vm.specification.vendor" value="Oracle Corporation"/><property name="java.specification.name" value="Java Platform API Specification"/><property name="user.script" value=""/><property name="sun.management.compiler" value="HotSpot 64-Bit Tiered Compilers"/><property name="java.runtime.version" value="18.0.2.1+1-1"/><property name="user.name" value="imed"/><property name="path.separator" value=";"/><property name="os.version" value="10.0"/><property name="java.runtime.name" value="Java(TM) SE Runtime Environment"/><property name="file.encoding" value="UTF-8"/><property name="guice.disable.misplaced.annotation.check" value="true"/><property name="java.vm.name" value="Java HotSpot(TM) 64-Bit Server VM"/><property name="java.vendor.url.bug" value="https://bugreport.java.com/bugreport/"/><property name="java.io.tmpdir" value="C:\Users\imed\AppData\Local\Temp\"/><property name="java.version" value="18.0.2.1"/><property name="user.dir" value="C:\Users\imed\eclipse-workspace\com.petsore.swagger.io.maven"/><property name="os.arch" value="amd64"/><property name="maven.multiModuleProjectDirectory" value="C:\Users\imed\eclipse-workspace\com.petsore.swagger.io.maven"/><property name="java.vm.specification.name" value="Java Virtual Machine Specification"/><property name="sun.os.patch.level" value=""/><property name="native.encoding" value="Cp1252"/><property name="java.library.path" value="C:\Program Files\Java\jdk-18.0.2.1\bin;C:\WINDOWS\Sun\Java\bin;C:\WINDOWS\system32;C:\WINDOWS;C:/Program Files/Java/jdk-18.0.2.1/bin/server;C:/Program Files/Java/jdk-18.0.2.1/bin;C:\Program Files\Java\jdk-11.0.16.1\bin;C:\Program Files\Common Files\Oracle\Java\javapath;C:\Program Files\Microsoft MPI\Bin\;C:\Program Files (x86)\Common Files\Oracle\Java\javapath;C:\Program Files (x86)\Intel\iCLS Client\;C:\Program Files\Intel\iCLS Client\;C:\Windows\system32;C:\Windows;C:\Windows\System32\Wbem;C:\Windows\System32\WindowsPowerShell\v1.0\;C:\Program Files (x86)\Intel\Intel(R) Management Engine Components\DAL;C:\Program Files\Intel\Intel(R) Management Engine Components\DAL;C:\Program Files (x86)\Intel\Intel(R) Management Engine Components\IPT;C:\Program Files\Intel\Intel(R) Management Engine Components\IPT;C:\Program Files (x86)\NVIDIA Corporation\PhysX\Common;C:\WINDOWS\system32;C:\WINDOWS;C:\WINDOWS\System32\Wbem;C:\WINDOWS\System32\WindowsPowerShell\v1.0\;D:\wamp64\bin\php\php5.6.25;C:\composer;C:\Program Files\Microsoft SQL Server\Client SDK\ODBC\110\Tools\Binn\;C:\WINDOWS\System32\OpenSSH\;C:\Program Files\Git\cmd;C:\Program Files (x86)\Microsoft SQL Server\150\Tools\Binn\;C:\Program Files\Microsoft SQL Server\150\Tools\Binn\;C:\Program Files (x86)\Microsoft SQL Server\150\DTS\Binn\;C:\Program Files\Microsoft SQL Server\150\DTS\Binn\;C:\Program Files\Microsoft SQL Server\Client SDK\ODBC\170\Tools\Binn\;C:\Program Files\Azure Data Studio\bin;C:\Program Files\Microsoft SQL Server\130\Tools\Binn\;C:\Program Files (x86)\Microsoft SQL Server\110\DTS\Binn\;C:\Program Files (x86)\Microsoft SQL Server\120\DTS\Binn\;C:\Program Files (x86)\Microsoft SQL Server\130\DTS\Binn\;C:\Program Files (x86)\Microsoft SQL Server\140\DTS\Binn\;C:\apache-maven-3.8.6\bin;C:\Program Files\Java\jdk-11.0.16.1\bin;C:\Users\imed\Desktop;;."/><property name="java.vm.info" value="mixed mode, sharing"/><property name="java.vendor" value="Oracle Corporation"/><property name="java.vm.version" value="18.0.2.1+1-1"/><property name="classworlds.conf" value="C:\Users\imed\eclipse-workspace\.metadata\.plugins\org.eclipse.m2e.launching\launches\m2conf15028983264343790480.tmp"/><property name="sun.io.unicode.encoding" value="UnicodeLittle"/><property name="java.class.version" value="62.0"/></properties><testcase name="TestCase 1" time="1.044"/></testsuite>